#
# There is insufficient memory for the Java Runtime Environment to continue.
# Native memory allocation (malloc) failed to allocate 32784 bytes for Chunk::new
# Possible reasons:
#   The system is out of physical RAM or swap space
#   In 32 bit mode, the process size limit was hit
# Possible solutions:
#   Reduce memory load on the system
#   Increase physical memory or swap space
#   Check if swap backing store is full
#   Use 64 bit Java on a 64 bit OS
#   Decrease Java heap size (-Xmx/-Xms)
#   Decrease number of Java threads
#   Decrease Java thread stack sizes (-Xss)
#   Set larger code cache with -XX:ReservedCodeCacheSize=
# This output file may be truncated or incomplete.
#
#  Out of Memory Error (allocation.cpp:390), pid=29668, tid=28368
#
# JRE version: Java(TM) SE Runtime Environment (8.0_60-b27) (build 1.8.0_60-b27)
# Java VM: Java HotSpot(TM) 64-Bit Server VM (25.60-b23 mixed mode windows-amd64 compressed oops)
# Failed to write core dump. Minidumps are not enabled by default on client versions of Windows
#

---------------  T H R E A D  ---------------

Current thread (0x00000000566a3800):  JavaThread "C2 CompilerThread1" daemon [_thread_in_native, id=28368, stack(0x0000000056f10000,0x0000000057010000)]

Stack: [0x0000000056f10000,0x0000000057010000]
[error occurred during error reporting (printing stack bounds), id 0xc0000005]

Native frames: (J=compiled Java code, j=interpreted, Vv=VM code, C=native code)


Current CompileTask:
C2:  18863 2013       4       com.android.dx.ssa.back.FirstFitLocalCombiningAllocator::tryMapRegs (110 bytes)


---------------  P R O C E S S  ---------------

Java Threads: ( => current thread )
  0x0000000056986000 JavaThread "pool-1-thread-4" [_thread_blocked, id=9436, stack(0x0000000058500000,0x0000000058600000)]
  0x0000000056985800 JavaThread "pool-1-thread-3" [_thread_blocked, id=29652, stack(0x00000000582e0000,0x00000000583e0000)]
  0x0000000056a7b800 JavaThread "pool-1-thread-2" [_thread_in_Java, id=28400, stack(0x0000000058150000,0x0000000058250000)]
  0x0000000056a7a800 JavaThread "pool-2-thread-1" [_thread_blocked, id=6132, stack(0x0000000058050000,0x0000000058150000)]
  0x0000000056a78000 JavaThread "pool-1-thread-1" [_thread_in_Java, id=27356, stack(0x0000000057e80000,0x0000000057f80000)]
  0x000000005672a800 JavaThread "Service Thread" daemon [_thread_blocked, id=12644, stack(0x0000000057210000,0x0000000057310000)]
  0x00000000566a5000 JavaThread "C1 CompilerThread2" daemon [_thread_blocked, id=26948, stack(0x00000000570f0000,0x00000000571f0000)]
=>0x00000000566a3800 JavaThread "C2 CompilerThread1" daemon [_thread_in_native, id=28368, stack(0x0000000056f10000,0x0000000057010000)]
  0x00000000566a1800 JavaThread "C2 CompilerThread0" daemon [_thread_in_native, id=26780, stack(0x0000000056d70000,0x0000000056e70000)]
  0x000000005669e000 JavaThread "Attach Listener" daemon [_thread_blocked, id=4484, stack(0x0000000056aa0000,0x0000000056ba0000)]
  0x000000005545d000 JavaThread "Signal Dispatcher" daemon [_thread_blocked, id=26196, stack(0x0000000056c60000,0x0000000056d60000)]
  0x00000000553f1000 JavaThread "Finalizer" daemon [_thread_blocked, id=24416, stack(0x0000000056590000,0x0000000056690000)]
  0x00000000553f0000 JavaThread "Reference Handler" daemon [_thread_blocked, id=24580, stack(0x0000000056440000,0x0000000056540000)]
  0x000000000281f000 JavaThread "main" [_thread_blocked, id=29448, stack(0x00000000029f0000,0x0000000002af0000)]

Other Threads:
  0x00000000553ea800 VMThread [stack: 0x00000000562e0000,0x00000000563e0000] [id=28900]
  0x0000000056744800 WatcherThread [stack: 0x00000000574d0000,0x00000000575d0000] [id=28912]

VM state:not at safepoint (normal execution)

VM Mutex/Monitor currently owned by a thread: None

Heap:
 PSYoungGen      total 71680K, used 38326K [0x00000000eab00000, 0x00000000ef600000, 0x0000000100000000)
  eden space 66560K, 49% used [0x00000000eab00000,0x00000000ecb729b0,0x00000000eec00000)
  from space 5120K, 99% used [0x00000000eec00000,0x00000000ef0fb000,0x00000000ef100000)
  to   space 5120K, 0% used [0x00000000ef100000,0x00000000ef100000,0x00000000ef600000)
 ParOldGen       total 87552K, used 13150K [0x00000000c0000000, 0x00000000c5580000, 0x00000000eab00000)
  object space 87552K, 15% used [0x00000000c0000000,0x00000000c0cd7978,0x00000000c5580000)
 Metaspace       used 6335K, capacity 7158K, committed 7296K, reserved 1056768K
  class space    used 609K, capacity 622K, committed 640K, reserved 1048576K

Card table byte_map: [0x0000000011eb0000,0x00000000120c0000] byte_map_base: 0x00000000118b0000

Marking Bits: (ParMarkBitMap*) 0x000000005a04a5b0
 Begin Bits: [0x0000000012860000, 0x0000000013860000)
 End Bits:   [0x0000000013860000, 0x0000000014860000)

Polling page: 0x0000000001e40000

CodeCache: size=245760Kb used=9279Kb max_used=9434Kb free=236480Kb
 bounds [0x0000000002af0000, 0x0000000003440000, 0x0000000011af0000]
 total_blobs=2151 nmethods=1879 adapters=184
 compilation: enabled

Compilation events (10 events):
Event: 18.831 Thread 0x00000000566a3800 nmethod 2008 0x0000000003401110 code [0x0000000003401240, 0x00000000034012f8]
Event: 18.833 Thread 0x00000000566a1800 2009       4       com.android.dx.rop.cst.CstString::equals (24 bytes)
Event: 18.834 Thread 0x00000000566a1800 nmethod 2009 0x0000000002c0ea90 code [0x0000000002c0ebe0, 0x0000000002c0ed58]
Event: 18.845 Thread 0x00000000566a5000 2010       1       com.android.dx.cf.attrib.InnerClassList$Item::getInnerName (5 bytes)
Event: 18.845 Thread 0x00000000566a5000 nmethod 2010 0x0000000002c58810 code [0x0000000002c58960, 0x0000000002c58a70]
Event: 18.846 Thread 0x00000000566a5000 2011       1       com.android.dx.cf.attrib.InnerClassList$Item::getAccessFlags (5 bytes)
Event: 18.846 Thread 0x00000000566a5000 nmethod 2011 0x0000000002beff50 code [0x0000000002bf00a0, 0x0000000002bf01b0]
Event: 18.854 Thread 0x00000000566a5000 2012       3       java.util.BitSet::trimToSize (32 bytes)
Event: 18.854 Thread 0x00000000566a3800 2013       4       com.android.dx.ssa.back.FirstFitLocalCombiningAllocator::tryMapRegs (110 bytes)
Event: 18.855 Thread 0x00000000566a5000 nmethod 2012 0x0000000002ce0110 code [0x0000000002ce02a0, 0x0000000002ce06d8]

GC Heap History (6 events):
Event: 4.347 GC heap before
{Heap before GC invocations=1 (full 0):
 PSYoungGen      total 38400K, used 33280K [0x00000000eab00000, 0x00000000ed580000, 0x0000000100000000)
  eden space 33280K, 100% used [0x00000000eab00000,0x00000000ecb80000,0x00000000ecb80000)
  from space 5120K, 0% used [0x00000000ed080000,0x00000000ed080000,0x00000000ed580000)
  to   space 5120K, 0% used [0x00000000ecb80000,0x00000000ecb80000,0x00000000ed080000)
 ParOldGen       total 87552K, used 0K [0x00000000c0000000, 0x00000000c5580000, 0x00000000eab00000)
  object space 87552K, 0% used [0x00000000c0000000,0x00000000c0000000,0x00000000c5580000)
 Metaspace       used 5977K, capacity 6836K, committed 7040K, reserved 1056768K
  class space    used 605K, capacity 620K, committed 640K, reserved 1048576K
Event: 4.863 GC heap after
Heap after GC invocations=1 (full 0):
 PSYoungGen      total 38400K, used 5091K [0x00000000eab00000, 0x00000000ef600000, 0x0000000100000000)
  eden space 33280K, 0% used [0x00000000eab00000,0x00000000eab00000,0x00000000ecb80000)
  from space 5120K, 99% used [0x00000000ecb80000,0x00000000ed078df8,0x00000000ed080000)
  to   space 5120K, 0% used [0x00000000ef100000,0x00000000ef100000,0x00000000ef600000)
 ParOldGen       total 87552K, used 202K [0x00000000c0000000, 0x00000000c5580000, 0x00000000eab00000)
  object space 87552K, 0% used [0x00000000c0000000,0x00000000c0032910,0x00000000c5580000)
 Metaspace       used 5977K, capacity 6836K, committed 7040K, reserved 1056768K
  class space    used 605K, capacity 620K, committed 640K, reserved 1048576K
}
Event: 7.700 GC heap before
{Heap before GC invocations=2 (full 0):
 PSYoungGen      total 38400K, used 38371K [0x00000000eab00000, 0x00000000ef600000, 0x0000000100000000)
  eden space 33280K, 100% used [0x00000000eab00000,0x00000000ecb80000,0x00000000ecb80000)
  from space 5120K, 99% used [0x00000000ecb80000,0x00000000ed078df8,0x00000000ed080000)
  to   space 5120K, 0% used [0x00000000ef100000,0x00000000ef100000,0x00000000ef600000)
 ParOldGen       total 87552K, used 202K [0x00000000c0000000, 0x00000000c5580000, 0x00000000eab00000)
  object space 87552K, 0% used [0x00000000c0000000,0x00000000c0032910,0x00000000c5580000)
 Metaspace       used 6190K, capacity 7030K, committed 7296K, reserved 1056768K
  class space    used 607K, capacity 622K, committed 640K, reserved 1048576K
Event: 7.949 GC heap after
Heap after GC invocations=2 (full 0):
 PSYoungGen      total 71680K, used 5102K [0x00000000eab00000, 0x00000000ef600000, 0x0000000100000000)
  eden space 66560K, 0% used [0x00000000eab00000,0x00000000eab00000,0x00000000eec00000)
  from space 5120K, 99% used [0x00000000ef100000,0x00000000ef5fb980,0x00000000ef600000)
  to   space 5120K, 0% used [0x00000000eec00000,0x00000000eec00000,0x00000000ef100000)
 ParOldGen       total 87552K, used 3228K [0x00000000c0000000, 0x00000000c5580000, 0x00000000eab00000)
  object space 87552K, 3% used [0x00000000c0000000,0x00000000c0327050,0x00000000c5580000)
 Metaspace       used 6190K, capacity 7030K, committed 7296K, reserved 1056768K
  class space    used 607K, capacity 622K, committed 640K, reserved 1048576K
}
Event: 14.710 GC heap before
{Heap before GC invocations=3 (full 0):
 PSYoungGen      total 71680K, used 71662K [0x00000000eab00000, 0x00000000ef600000, 0x0000000100000000)
  eden space 66560K, 100% used [0x00000000eab00000,0x00000000eec00000,0x00000000eec00000)
  from space 5120K, 99% used [0x00000000ef100000,0x00000000ef5fb980,0x00000000ef600000)
  to   space 5120K, 0% used [0x00000000eec00000,0x00000000eec00000,0x00000000ef100000)
 ParOldGen       total 87552K, used 3228K [0x00000000c0000000, 0x00000000c5580000, 0x00000000eab00000)
  object space 87552K, 3% used [0x00000000c0000000,0x00000000c0327050,0x00000000c5580000)
 Metaspace       used 6294K, capacity 7094K, committed 7296K, reserved 1056768K
  class space    used 609K, capacity 622K, committed 640K, reserved 1048576K
Event: 14.760 GC heap after
Heap after GC invocations=3 (full 0):
 PSYoungGen      total 71680K, used 5100K [0x00000000eab00000, 0x00000000ef600000, 0x0000000100000000)
  eden space 66560K, 0% used [0x00000000eab00000,0x00000000eab00000,0x00000000eec00000)
  from space 5120K, 99% used [0x00000000eec00000,0x00000000ef0fb000,0x00000000ef100000)
  to   space 5120K, 0% used [0x00000000ef100000,0x00000000ef100000,0x00000000ef600000)
 ParOldGen       total 87552K, used 13150K [0x00000000c0000000, 0x00000000c5580000, 0x00000000eab00000)
  object space 87552K, 15% used [0x00000000c0000000,0x00000000c0cd7978,0x00000000c5580000)
 Metaspace       used 6294K, capacity 7094K, committed 7296K, reserved 1056768K
  class space    used 609K, capacity 622K, committed 640K, reserved 1048576K
}

Deoptimization events (10 events):
Event: 10.764 Thread 0x0000000056a7b800 Uncommon trap: reason=unstable_if action=reinterpret pc=0x00000000030d9ed0 method=com.android.dx.ssa.LiteralOpUpgrader$1.visitNonMoveInsn(Lcom/android/dx/ssa/NormalSsaInsn;)V @ 55
Event: 10.765 Thread 0x0000000056a7b800 Uncommon trap: reason=unstable_if action=reinterpret pc=0x0000000002eff74c method=com.android.dx.ssa.SsaMethod.updateOneDefinition(Lcom/android/dx/ssa/SsaInsn;Lcom/android/dx/rop/code/RegisterSpec;)V @ 4
Event: 17.019 Thread 0x0000000056a78000 Uncommon trap: reason=bimorphic action=maybe_recompile pc=0x000000000324bf9c method=com.android.dx.cf.code.BytecodeArray.parseInstruction(ILcom/android/dx/cf/code/BytecodeArray$Visitor;)I @ 1130
Event: 17.019 Thread 0x0000000056a78000 Uncommon trap: reason=bimorphic action=maybe_recompile pc=0x000000000324bf9c method=com.android.dx.cf.code.BytecodeArray.parseInstruction(ILcom/android/dx/cf/code/BytecodeArray$Visitor;)I @ 1130
Event: 17.023 Thread 0x0000000056a78000 Uncommon trap: reason=bimorphic action=maybe_recompile pc=0x0000000003365754 method=com.android.dx.cf.code.RopperMachine.run(Lcom/android/dx/cf/code/Frame;II)V @ 978
Event: 18.078 Thread 0x0000000056986000 Uncommon trap: reason=bimorphic action=maybe_recompile pc=0x0000000003365754 method=com.android.dx.cf.code.RopperMachine.run(Lcom/android/dx/cf/code/Frame;II)V @ 978
Event: 18.080 Thread 0x0000000056986000 Uncommon trap: reason=bimorphic action=maybe_recompile pc=0x0000000003365754 method=com.android.dx.cf.code.RopperMachine.run(Lcom/android/dx/cf/code/Frame;II)V @ 978
Event: 18.084 Thread 0x0000000056986000 Uncommon trap: reason=bimorphic action=maybe_recompile pc=0x0000000003365754 method=com.android.dx.cf.code.RopperMachine.run(Lcom/android/dx/cf/code/Frame;II)V @ 978
Event: 18.117 Thread 0x0000000056a7b800 Uncommon trap: reason=unstable_if action=reinterpret pc=0x00000000031f6280 method=com.android.dx.cf.code.Ropper.isSynchronized()Z @ 12
Event: 18.142 Thread 0x0000000056a7b800 Uncommon trap: reason=unstable_if action=reinterpret pc=0x0000000003359c8c method=com.android.dx.dex.code.RopTranslator.pickOrder()V @ 279

Internal exceptions (3 events):
Event: 0.426 Thread 0x000000000281f000 Exception <a 'java/lang/NoSuchMethodError': Method sun.misc.Unsafe.defineClass(Ljava/lang/String;[BII)Ljava/lang/Class; name or signature does not match> (0x00000000eab13098) thrown at [C:\re\workspace\8-2-build-windows-amd64-cygwin\jdk8u60\4407\hotspot\sr‚ÜÂ¸ÕFÛ?
Event: 0.426 Thread 0x000000000281f000 Exception <a 'java/lang/NoSuchMethodError': Method sun.misc.Unsafe.prefetchRead(Ljava/lang/Object;J)V name or signature does not match> (0x00000000eab13380) thrown at [C:\re\workspace\8-2-build-windows-amd64-cygwin\jdk8u60\4407\hotspot\src\share\vm\prims\j
Event: 5.505 Thread 0x0000000056a78000 Implicit null exception at 0x0000000002df0452 to 0x0000000002df0559

Events (10 events):
Event: 18.846 Thread 0x00000000566a5000 flushing nmethod 0x0000000002ce3c90
Event: 18.846 Thread 0x00000000566a5000 flushing nmethod 0x0000000002ce5050
Event: 18.846 Thread 0x00000000566a5000 flushing nmethod 0x0000000002ce6290
Event: 18.846 Thread 0x00000000566a5000 flushing nmethod 0x0000000002cef890
Event: 18.846 Thread 0x00000000566a5000 flushing nmethod 0x0000000002cf0a90
Event: 18.846 Thread 0x00000000566a5000 flushing nmethod 0x0000000002cf1e90
Event: 18.846 Thread 0x00000000566a5000 flushing nmethod 0x0000000002cf4990
Event: 18.846 Thread 0x00000000566a5000 flushing nmethod 0x0000000002cf4cd0
Event: 18.855 Thread 0x00000000566a5000 flushing nmethod 0x0000000002d00990
Event: 18.855 Thread 0x00000000566a5000 flushing nmethod 0x0000000002d11250


Dynamic libraries:
0x000000013f0c0000 - 0x000000013f0f7000 	D:\Program Files\Java\jdk1.8.0_60\bin\java.exe
0x0000000077750000 - 0x00000000778f9000 	C:\windows\SYSTEM32\ntdll.dll
0x0000000077630000 - 0x0000000077750000 	C:\windows\system32\kernel32.dll
0x000007fefd870000 - 0x000007fefd8dc000 	C:\windows\system32\KERNELBASE.dll
0x000007feff6c0000 - 0x000007feff79b000 	C:\windows\system32\ADVAPI32.dll
0x000007fefda60000 - 0x000007fefdaff000 	C:\windows\system32\msvcrt.dll
0x000007feff1c0000 - 0x000007feff1df000 	C:\windows\SYSTEM32\sechost.dll
0x000007fefdfc0000 - 0x000007fefe0ed000 	C:\windows\system32\RPCRT4.dll
0x0000000077530000 - 0x000000007762a000 	C:\windows\system32\USER32.dll
0x000007feff650000 - 0x000007feff6b7000 	C:\windows\system32\GDI32.dll
0x000007feff910000 - 0x000007feff91e000 	C:\windows\system32\LPK.dll
0x000007feff840000 - 0x000007feff909000 	C:\windows\system32\USP10.dll
0x000007fefbd00000 - 0x000007fefbef4000 	C:\windows\WinSxS\amd64_microsoft.windows.common-controls_6595b64144ccf1df_6.0.7601.18837_none_fa3b1e3d17594757\COMCTL32.dll
0x000007fefee80000 - 0x000007fefeef1000 	C:\windows\system32\SHLWAPI.dll
0x000007feff440000 - 0x000007feff46e000 	C:\windows\system32\IMM32.DLL
0x000007fefdeb0000 - 0x000007fefdfb9000 	C:\windows\system32\MSCTF.dll
0x0000000068000000 - 0x0000000068056000 	C:\windows\system32\QIPCAP64.DLL
0x000007fefcd40000 - 0x000007fefcd9b000 	C:\windows\system32\DNSAPI.dll
0x000007feff470000 - 0x000007feff4bd000 	C:\windows\system32\WS2_32.dll
0x000007feff130000 - 0x000007feff138000 	C:\windows\system32\NSI.dll
0x000000005a0d0000 - 0x000000005a1a2000 	D:\Program Files\Java\jdk1.8.0_60\jre\bin\msvcr100.dll
0x0000000059840000 - 0x000000005a0c9000 	D:\Program Files\Java\jdk1.8.0_60\jre\bin\server\jvm.dll
0x000007fef7fb0000 - 0x000007fef7fb9000 	C:\windows\system32\WSOCK32.dll
0x000007fefbc70000 - 0x000007fefbcab000 	C:\windows\system32\WINMM.dll
0x000007fefc7a0000 - 0x000007fefc7ac000 	C:\windows\system32\VERSION.dll
0x0000000077910000 - 0x0000000077917000 	C:\windows\system32\PSAPI.DLL
0x00000000751c0000 - 0x00000000751cf000 	D:\Program Files\Java\jdk1.8.0_60\jre\bin\verify.dll
0x0000000075190000 - 0x00000000751b9000 	D:\Program Files\Java\jdk1.8.0_60\jre\bin\java.dll
0x0000000075170000 - 0x0000000075186000 	D:\Program Files\Java\jdk1.8.0_60\jre\bin\zip.dll
0x000007fefe0f0000 - 0x000007fefee79000 	C:\windows\system32\SHELL32.dll
0x000007fefef20000 - 0x000007feff123000 	C:\windows\system32\ole32.dll
0x000007fefd650000 - 0x000007fefd65f000 	C:\windows\system32\profapi.dll

VM Arguments:
jvm_args: -Xmx1024M -Dfile.encoding=GBK -Duser.country=CN -Duser.language=zh -Duser.variant 
java_command: com.android.dx.command.Main --dex --num-threads=4 --output D:\Befairy\workspaces\Coolu\app\build\intermediates\pre-dexed\debug\classes-9a77bcb57a8fbc5a87c93c00f182c7a58774f40b.jar D:\Befairy\workspaces\Coolu\app\build\intermediates\exploded-aar\com.android.support\support-v4\23.1.0\jars\classes.jar
java_class_path (initial): D:\Alibaba\Android\SDK\build-tools\23.0.2\lib\dx.jar
Launcher Type: SUN_STANDARD

Environment Variables:
JAVA_HOME=D:\Program Files\Java\jdk1.7.0_79
CLASSPATH=.;D:\Program Files\Java\jdk1.7.0_79\lib;D:\Program Files\Java\jdk1.7.0_79\lib\tools.jar
PATH=;D:\Program Files\Gradle-2.6\bin;C:\Python27\;C:\Python27\Scripts;D:\Alibaba\Android\SDK\build-tools\23.0.0;D:\Alibaba\Android\SDK\platform-tools;D:\Alibaba\Android\SDK\tools;D:\Program Files\Apache-maven-3.0.5\bin;D:\Program Files\Java\jdk1.7.0_79\bin;D:\Program Files\Java\jdk1.7.0_79\jre\bin;C:\windows\system32;C:\windows;C:\windows\System32\Wbem;C:\windows\System32\WindowsPowerShell\v1.0\;C:\Program Files\TortoiseSVN\bin
USERNAME=banghong.lbh
OS=Windows_NT
PROCESSOR_IDENTIFIER=Intel64 Family 6 Model 69 Stepping 1, GenuineIntel



---------------  S Y S T E M  ---------------

OS: Windows 7 , 64 bit Build 7601 (6.1.7601.19018)

CPU:total 4 (2 cores per cpu, 2 threads per core) family 6 model 69 stepping 1, cmov, cx8, fxsr, mmx, sse, sse2, sse3, ssse3, sse4.1, sse4.2, popcnt, avx, avx2, aes, clmul, erms, lzcnt, ht, tsc, tscinvbit, bmi1, bmi2

Memory: 4k page, physical 8308108k(912180k free), swap 8306272k(4600k free)

vm_info: Java HotSpot(TM) 64-Bit Server VM (25.60-b23) for windows-amd64 JRE (1.8.0_60-b27), built on Aug  4 2015 11:06:27 by "java_re" with MS VC++ 10.0 (VS2010)

time: Fri Nov 27 14:26:07 2015
elapsed time: 18 seconds (0d 0h 0m 18s)

