#
# There is insufficient memory for the Java Runtime Environment to continue.
# Native memory allocation (malloc) failed to allocate 272624 bytes for Chunk::new
# Possible reasons:
#   The system is out of physical RAM or swap space
#   In 32 bit mode, the process size limit was hit
# Possible solutions:
#   Reduce memory load on the system
#   Increase physical memory or swap space
#   Check if swap backing store is full
#   Use 64 bit Java on a 64 bit OS
#   Decrease Java heap size (-Xmx/-Xms)
#   Decrease number of Java threads
#   Decrease Java thread stack sizes (-Xss)
#   Set larger code cache with -XX:ReservedCodeCacheSize=
# This output file may be truncated or incomplete.
#
#  Out of Memory Error (allocation.cpp:390), pid=26760, tid=3480
#
# JRE version: Java(TM) SE Runtime Environment (8.0_60-b27) (build 1.8.0_60-b27)
# Java VM: Java HotSpot(TM) 64-Bit Server VM (25.60-b23 mixed mode windows-amd64 compressed oops)
# Failed to write core dump. Minidumps are not enabled by default on client versions of Windows
#

---------------  T H R E A D  ---------------

Current thread (0x000000005683a800):  JavaThread "C2 CompilerThread1" daemon [_thread_in_native, id=3480, stack(0x0000000056350000,0x0000000056450000)]

Stack: [0x0000000056350000,0x0000000056450000]
[error occurred during error reporting (printing stack bounds), id 0xc0000005]

Native frames: (J=compiled Java code, j=interpreted, Vv=VM code, C=native code)


Current CompileTask:
C2:   3343 1131   !   4       com.android.dx.cf.code.BytecodeArray::parseInstruction (2764 bytes)


---------------  P R O C E S S  ---------------

Java Threads: ( => current thread )
  0x0000000056b09800 JavaThread "pool-1-thread-4" [_thread_in_Java, id=29008, stack(0x0000000057b50000,0x0000000057c50000)]
  0x0000000056a42000 JavaThread "pool-1-thread-3" [_thread_blocked, id=29188, stack(0x0000000056f90000,0x0000000057090000)]
  0x0000000056a36800 JavaThread "pool-1-thread-2" [_thread_in_Java, id=14544, stack(0x0000000057a00000,0x0000000057b00000)]
  0x0000000056a15000 JavaThread "pool-2-thread-1" [_thread_blocked, id=24976, stack(0x00000000577b0000,0x00000000578b0000)]
  0x0000000056a11800 JavaThread "pool-1-thread-1" [_thread_in_Java, id=29432, stack(0x0000000057660000,0x0000000057760000)]
  0x0000000056844000 JavaThread "Service Thread" daemon [_thread_blocked, id=29024, stack(0x00000000572a0000,0x00000000573a0000)]
  0x000000005683b800 JavaThread "C1 CompilerThread2" daemon [_thread_in_vm, id=960, stack(0x00000000570c0000,0x00000000571c0000)]
=>0x000000005683a800 JavaThread "C2 CompilerThread1" daemon [_thread_in_native, id=3480, stack(0x0000000056350000,0x0000000056450000)]
  0x0000000056838800 JavaThread "C2 CompilerThread0" daemon [_thread_in_native, id=26228, stack(0x0000000056e90000,0x0000000056f90000)]
  0x000000005682d000 JavaThread "Attach Listener" daemon [_thread_blocked, id=28696, stack(0x0000000056d80000,0x0000000056e80000)]
  0x000000005682a800 JavaThread "Signal Dispatcher" daemon [_thread_blocked, id=25280, stack(0x0000000056c30000,0x0000000056d30000)]
  0x00000000552a1000 JavaThread "Finalizer" daemon [_thread_blocked, id=29412, stack(0x0000000056720000,0x0000000056820000)]
  0x00000000552a0000 JavaThread "Reference Handler" daemon [_thread_blocked, id=15320, stack(0x0000000056500000,0x0000000056600000)]
  0x0000000001e7f000 JavaThread "main" [_thread_in_vm, id=28896, stack(0x0000000002940000,0x0000000002a40000)]

Other Threads:
  0x000000005529a800 VMThread [stack: 0x0000000056240000,0x0000000056340000] [id=29040]
  0x0000000056903000 WatcherThread [stack: 0x00000000574c0000,0x00000000575c0000] [id=29192]

VM state:not at safepoint (normal execution)

VM Mutex/Monitor currently owned by a thread: None

Heap:
 PSYoungGen      total 38400K, used 32634K [0x00000000eab00000, 0x00000000ed580000, 0x0000000100000000)
  eden space 33280K, 98% used [0x00000000eab00000,0x00000000ecadea58,0x00000000ecb80000)
  from space 5120K, 0% used [0x00000000ed080000,0x00000000ed080000,0x00000000ed580000)
  to   space 5120K, 0% used [0x00000000ecb80000,0x00000000ecb80000,0x00000000ed080000)
 ParOldGen       total 87552K, used 0K [0x00000000c0000000, 0x00000000c5580000, 0x00000000eab00000)
  object space 87552K, 0% used [0x00000000c0000000,0x00000000c0000000,0x00000000c5580000)
 Metaspace       used 6021K, capacity 6900K, committed 7040K, reserved 1056768K
  class space    used 602K, capacity 620K, committed 640K, reserved 1048576K

Card table byte_map: [0x0000000011e00000,0x0000000012010000] byte_map_base: 0x0000000011800000

Marking Bits: (ParMarkBitMap*) 0x000000005a04a5b0
 Begin Bits: [0x0000000012710000, 0x0000000013710000)
 End Bits:   [0x0000000013710000, 0x0000000014710000)

Polling page: 0x0000000001dc0000

CodeCache: size=245760Kb used=4931Kb max_used=4931Kb free=240829Kb
 bounds [0x0000000002a40000, 0x0000000002f20000, 0x0000000011a40000]
 total_blobs=1485 nmethods=1214 adapters=184
 compilation: enabled

Compilation events (10 events):
Event: 3.334 Thread 0x000000005683b800 1214       3       com.android.dx.ssa.BasicRegisterMapper::oldToNew (22 bytes)
Event: 3.334 Thread 0x000000005683b800 nmethod 1214 0x0000000002f0edd0 code [0x0000000002f0ef40, 0x0000000002f0f228]
Event: 3.334 Thread 0x000000005683b800 1215       3       java.util.TreeMap$EntryIterator::next (5 bytes)
Event: 3.334 Thread 0x000000005683b800 nmethod 1215 0x0000000002f0f310 code [0x0000000002f0f480, 0x0000000002f0f768]
Event: 3.334 Thread 0x000000005683b800 1216       3       java.util.TreeMap$EntryIterator::next (5 bytes)
Event: 3.335 Thread 0x000000005683b800 nmethod 1216 0x0000000002f0f810 code [0x0000000002f0f980, 0x0000000002f0fb88]
Event: 3.335 Thread 0x000000005683b800 1217       3       com.android.dx.ssa.DomFront::calcDomFronts (154 bytes)
Event: 3.336 Thread 0x000000005683b800 nmethod 1217 0x0000000002f0fc10 code [0x0000000002f0fea0, 0x0000000002f10da8]
Event: 3.337 Thread 0x000000005683b800 1218   !   3       com.android.dx.cf.code.OneLocalsArray::set (106 bytes)
Event: 3.338 Thread 0x000000005683b800 nmethod 1218 0x0000000002f11a50 code [0x0000000002f11ca0, 0x0000000002f12a98]

GC Heap History (0 events):
No events

Deoptimization events (10 events):
Event: 3.155 Thread 0x0000000001e7f000 Uncommon trap: reason=unstable_if action=reinterpret pc=0x0000000002dd4b8c method=com.android.dx.rop.code.RegisterSpecSet.put(Lcom/android/dx/rop/code/RegisterSpec;)V @ 77
Event: 3.171 Thread 0x0000000001e7f000 Uncommon trap: reason=bimorphic action=maybe_recompile pc=0x0000000002ca7190 method=java.util.HashMap.getNode(ILjava/lang/Object;)Ljava/util/HashMap$Node; @ 126
Event: 3.171 Thread 0x0000000001e7f000 Uncommon trap: reason=bimorphic action=maybe_recompile pc=0x0000000002ca7190 method=java.util.HashMap.getNode(ILjava/lang/Object;)Ljava/util/HashMap$Node; @ 126
Event: 3.171 Thread 0x0000000001e7f000 Uncommon trap: reason=bimorphic action=maybe_recompile pc=0x0000000002e39fb8 method=java.util.HashMap.putVal(ILjava/lang/Object;Ljava/lang/Object;ZZ)Ljava/lang/Object; @ 203
Event: 3.171 Thread 0x0000000001e7f000 Uncommon trap: reason=bimorphic action=maybe_recompile pc=0x0000000002ca7190 method=java.util.HashMap.getNode(ILjava/lang/Object;)Ljava/util/HashMap$Node; @ 126
Event: 3.173 Thread 0x0000000001e7f000 Uncommon trap: reason=bimorphic action=maybe_recompile pc=0x0000000002d690d8 method=java.util.HashMap.getNode(ILjava/lang/Object;)Ljava/util/HashMap$Node; @ 126
Event: 3.173 Thread 0x0000000001e7f000 Uncommon trap: reason=unstable_if action=reinterpret pc=0x0000000002cddcc4 method=com.android.dx.rop.cst.Constant.compareTo(Lcom/android/dx/rop/cst/Constant;)I @ 12
Event: 3.174 Thread 0x0000000056a11800 Uncommon trap: reason=unstable_if action=reinterpret pc=0x0000000002d62eec method=com.android.dx.rop.code.RegisterSpec.equals(ILcom/android/dx/rop/type/TypeBearer;Lcom/android/dx/rop/code/LocalItem;)Z @ 42
Event: 3.225 Thread 0x0000000001e7f000 Uncommon trap: reason=bimorphic action=maybe_recompile pc=0x0000000002e39fb8 method=java.util.HashMap.putVal(ILjava/lang/Object;Ljava/lang/Object;ZZ)Ljava/lang/Object; @ 203
Event: 3.226 Thread 0x0000000001e7f000 Uncommon trap: reason=bimorphic action=maybe_recompile pc=0x0000000002e39fb8 method=java.util.HashMap.putVal(ILjava/lang/Object;Ljava/lang/Object;ZZ)Ljava/lang/Object; @ 203

Internal exceptions (2 events):
Event: 0.687 Thread 0x0000000001e7f000 Exception <a 'java/lang/NoSuchMethodError': Method sun.misc.Unsafe.defineClass(Ljava/lang/String;[BII)Ljava/lang/Class; name or signature does not match> (0x00000000eab13098) thrown at [C:\re\workspace\8-2-build-windows-amd64-cygwin\jdk8u60\4407\hotspot\srs.Yùå?
Event: 0.687 Thread 0x0000000001e7f000 Exception <a 'java/lang/NoSuchMethodError': Method sun.misc.Unsafe.prefetchRead(Ljava/lang/Object;J)V name or signature does not match> (0x00000000eab13380) thrown at [C:\re\workspace\8-2-build-windows-amd64-cygwin\jdk8u60\4407\hotspot\src\share\vm\prims\j

Events (10 events):
Event: 3.174 Thread 0x0000000056a11800 DEOPT PACKING pc=0x0000000002d62eec sp=0x000000005775e550
Event: 3.174 Thread 0x0000000056a11800 DEOPT UNPACKING pc=0x0000000002a8582a sp=0x000000005775e4d8 mode 2
Event: 3.183 Executing VM operation: ForceSafepoint
Event: 3.184 Executing VM operation: ForceSafepoint done
Event: 3.225 Thread 0x0000000001e7f000 Uncommon trap: trap_request=0xffffffc6 fr.pc=0x0000000002e39fb8
Event: 3.225 Thread 0x0000000001e7f000 DEOPT PACKING pc=0x0000000002e39fb8 sp=0x0000000002a3e3d0
Event: 3.225 Thread 0x0000000001e7f000 DEOPT UNPACKING pc=0x0000000002a8582a sp=0x0000000002a3e2f8 mode 2
Event: 3.226 Thread 0x0000000001e7f000 Uncommon trap: trap_request=0xffffffc6 fr.pc=0x0000000002e39fb8
Event: 3.226 Thread 0x0000000001e7f000 DEOPT PACKING pc=0x0000000002e39fb8 sp=0x0000000002a3e3d0
Event: 3.226 Thread 0x0000000001e7f000 DEOPT UNPACKING pc=0x0000000002a8582a sp=0x0000000002a3e2f8 mode 2


Dynamic libraries:
0x000000013f0c0000 - 0x000000013f0f7000 	D:\Program Files\Java\jdk1.8.0_60\bin\java.exe
0x0000000077750000 - 0x00000000778f9000 	C:\windows\SYSTEM32\ntdll.dll
0x0000000077630000 - 0x0000000077750000 	C:\windows\system32\kernel32.dll
0x000007fefd870000 - 0x000007fefd8dc000 	C:\windows\system32\KERNELBASE.dll
0x000007feff6c0000 - 0x000007feff79b000 	C:\windows\system32\ADVAPI32.dll
0x000007fefda60000 - 0x000007fefdaff000 	C:\windows\system32\msvcrt.dll
0x000007feff1c0000 - 0x000007feff1df000 	C:\windows\SYSTEM32\sechost.dll
0x000007fefdfc0000 - 0x000007fefe0ed000 	C:\windows\system32\RPCRT4.dll
0x0000000077530000 - 0x000000007762a000 	C:\windows\system32\USER32.dll
0x000007feff650000 - 0x000007feff6b7000 	C:\windows\system32\GDI32.dll
0x000007feff910000 - 0x000007feff91e000 	C:\windows\system32\LPK.dll
0x000007feff840000 - 0x000007feff909000 	C:\windows\system32\USP10.dll
0x000007fefbd00000 - 0x000007fefbef4000 	C:\windows\WinSxS\amd64_microsoft.windows.common-controls_6595b64144ccf1df_6.0.7601.18837_none_fa3b1e3d17594757\COMCTL32.dll
0x000007fefee80000 - 0x000007fefeef1000 	C:\windows\system32\SHLWAPI.dll
0x000007feff440000 - 0x000007feff46e000 	C:\windows\system32\IMM32.DLL
0x000007fefdeb0000 - 0x000007fefdfb9000 	C:\windows\system32\MSCTF.dll
0x0000000068000000 - 0x0000000068056000 	C:\windows\system32\QIPCAP64.DLL
0x000007fefcd40000 - 0x000007fefcd9b000 	C:\windows\system32\DNSAPI.dll
0x000007feff470000 - 0x000007feff4bd000 	C:\windows\system32\WS2_32.dll
0x000007feff130000 - 0x000007feff138000 	C:\windows\system32\NSI.dll
0x000000005a0d0000 - 0x000000005a1a2000 	D:\Program Files\Java\jdk1.8.0_60\jre\bin\msvcr100.dll
0x0000000059840000 - 0x000000005a0c9000 	D:\Program Files\Java\jdk1.8.0_60\jre\bin\server\jvm.dll
0x000007fef7fb0000 - 0x000007fef7fb9000 	C:\windows\system32\WSOCK32.dll
0x000007fefbc70000 - 0x000007fefbcab000 	C:\windows\system32\WINMM.dll
0x000007fefc7a0000 - 0x000007fefc7ac000 	C:\windows\system32\VERSION.dll
0x0000000077910000 - 0x0000000077917000 	C:\windows\system32\PSAPI.DLL
0x00000000751c0000 - 0x00000000751cf000 	D:\Program Files\Java\jdk1.8.0_60\jre\bin\verify.dll
0x0000000075190000 - 0x00000000751b9000 	D:\Program Files\Java\jdk1.8.0_60\jre\bin\java.dll
0x0000000075170000 - 0x0000000075186000 	D:\Program Files\Java\jdk1.8.0_60\jre\bin\zip.dll
0x000007fefe0f0000 - 0x000007fefee79000 	C:\windows\system32\SHELL32.dll
0x000007fefef20000 - 0x000007feff123000 	C:\windows\system32\ole32.dll
0x000007fefd650000 - 0x000007fefd65f000 	C:\windows\system32\profapi.dll

VM Arguments:
jvm_args: -Xmx1024M -Dfile.encoding=GBK -Duser.country=CN -Duser.language=zh -Duser.variant 
java_command: com.android.dx.command.Main --dex --num-threads=4 --output D:\Befairy\workspaces\Coolu\app\build\intermediates\pre-dexed\debug\classes-1fdfce258207887035666e158a02728b0d075610.jar D:\Befairy\workspaces\Coolu\app\build\intermediates\exploded-aar\com.android.support\recyclerview-v7\23.1.0\jars\classes.jar
java_class_path (initial): D:\Alibaba\Android\SDK\build-tools\23.0.2\lib\dx.jar
Launcher Type: SUN_STANDARD

Environment Variables:
JAVA_HOME=D:\Program Files\Java\jdk1.7.0_79
CLASSPATH=.;D:\Program Files\Java\jdk1.7.0_79\lib;D:\Program Files\Java\jdk1.7.0_79\lib\tools.jar
PATH=;D:\Program Files\Gradle-2.6\bin;C:\Python27\;C:\Python27\Scripts;D:\Alibaba\Android\SDK\build-tools\23.0.0;D:\Alibaba\Android\SDK\platform-tools;D:\Alibaba\Android\SDK\tools;D:\Program Files\Apache-maven-3.0.5\bin;D:\Program Files\Java\jdk1.7.0_79\bin;D:\Program Files\Java\jdk1.7.0_79\jre\bin;C:\windows\system32;C:\windows;C:\windows\System32\Wbem;C:\windows\System32\WindowsPowerShell\v1.0\;C:\Program Files\TortoiseSVN\bin
USERNAME=banghong.lbh
OS=Windows_NT
PROCESSOR_IDENTIFIER=Intel64 Family 6 Model 69 Stepping 1, GenuineIntel



---------------  S Y S T E M  ---------------

OS: Windows 7 , 64 bit Build 7601 (6.1.7601.19018)

CPU:total 4 (2 cores per cpu, 2 threads per core) family 6 model 69 stepping 1, cmov, cx8, fxsr, mmx, sse, sse2, sse3, ssse3, sse4.1, sse4.2, popcnt, avx, avx2, aes, clmul, erms, lzcnt, ht, tsc, tscinvbit, bmi1, bmi2

Memory: 4k page, physical 8308108k(921268k free), swap 8306272k(5072k free)

vm_info: Java HotSpot(TM) 64-Bit Server VM (25.60-b23) for windows-amd64 JRE (1.8.0_60-b27), built on Aug  4 2015 11:06:27 by "java_re" with MS VC++ 10.0 (VS2010)

time: Fri Nov 27 14:26:07 2015
elapsed time: 3 seconds (0d 0h 0m 3s)

